<?xml version="1.0" encoding="UTF-8"?>
<testng-results skipped="0" failed="0" ignored="0" total="3" passed="3">
  <reporter-output>
  </reporter-output>
  <suite name="dry run - testng data provider" duration-ms="72232" started-at="2018-08-07T14:17:44Z" finished-at="2018-08-07T14:18:57Z">
    <groups>
    </groups>
    <test name="testng_dataprovider_test" duration-ms="72232" started-at="2018-08-07T14:17:44Z" finished-at="2018-08-07T14:18:57Z">
      <class name="dataproviderutils.DataProviderTest">
        <test-method status="PASS" signature="verifyUserLogin(java.lang.String, java.lang.String)[pri:0, instance:dataproviderutils.DataProviderTest@4abdb505]" name="verifyUserLogin" duration-ms="40855" started-at="2018-08-07T14:17:44Z" data-provider="Authentication" finished-at="2018-08-07T14:18:25Z">
          <params>
            <param index="0">
              <value>
                <![CDATA[testuser_1]]>
              </value>
            </param>
            <param index="1">
              <value>
                <![CDATA[test123]]>
              </value>
            </param>
          </params>
          <reporter-output>
          </reporter-output>
        </test-method> <!-- verifyUserLogin -->
        <test-method status="PASS" signature="verifyUserLogin(java.lang.String, java.lang.String)[pri:0, instance:dataproviderutils.DataProviderTest@4abdb505]" name="verifyUserLogin" duration-ms="16248" started-at="2018-08-07T14:18:25Z" data-provider="Authentication" finished-at="2018-08-07T14:18:41Z">
          <params>
            <param index="0">
              <value>
                <![CDATA[testuser_2]]>
              </value>
            </param>
            <param index="1">
              <value>
                <![CDATA[India123]]>
              </value>
            </param>
          </params>
          <reporter-output>
          </reporter-output>
        </test-method> <!-- verifyUserLogin -->
        <test-method status="PASS" signature="verifyUserLogin(java.lang.String, java.lang.String)[pri:0, instance:dataproviderutils.DataProviderTest@4abdb505]" name="verifyUserLogin" duration-ms="15100" started-at="2018-08-07T14:18:41Z" data-provider="Authentication" finished-at="2018-08-07T14:18:57Z">
          <params>
            <param index="0">
              <value>
                <![CDATA[testuser_3]]>
              </value>
            </param>
            <param index="1">
              <value>
                <![CDATA[Password1]]>
              </value>
            </param>
          </params>
          <reporter-output>
          </reporter-output>
        </test-method> <!-- verifyUserLogin -->
      </class> <!-- dataproviderutils.DataProviderTest -->
    </test> <!-- testng_dataprovider_test -->
  </suite> <!-- dry run - testng data provider -->
</testng-results>
