<?xml version="1.0" encoding="UTF-8"?>
<testng-results skipped="0" failed="1" ignored="0" total="1" passed="0">
  <reporter-output>
  </reporter-output>
  <suite name="dry run - screenshots" duration-ms="30474" started-at="2018-08-06T11:13:48Z" finished-at="2018-08-06T11:14:18Z">
    <groups>
    </groups>
    <test name="screenshots" duration-ms="30474" started-at="2018-08-06T11:13:48Z" finished-at="2018-08-06T11:14:18Z">
      <class name="screenshot.ScreenshotsEx">
        <test-method status="PASS" signature="launchDriver()[pri:0, instance:screenshot.ScreenshotsEx@5bcea91b]" name="launchDriver" is-config="true" duration-ms="25147" started-at="2018-08-06T11:13:48Z" finished-at="2018-08-06T11:14:13Z">
          <reporter-output>
          </reporter-output>
        </test-method> <!-- launchDriver -->
        <test-method status="FAIL" signature="verifyHomePage()[pri:0, instance:screenshot.ScreenshotsEx@5bcea91b]" name="verifyHomePage" duration-ms="349" started-at="2018-08-06T11:14:13Z" finished-at="2018-08-06T11:14:13Z">
          <exception class="org.openqa.selenium.NoSuchElementException">
            <message>
              <![CDATA[Unable to locate element: Testing
For documentation on this error, please visit: http://seleniumhq.org/exceptions/no_such_element.html
Build info: version: '3.4.0', revision: 'unknown', time: 'unknown'
System info: host: 'HW2300', ip: '10.250.87.30', os.name: 'Windows 7', os.arch: 'amd64', os.version: '6.1', java.version: '1.8.0_91'
Driver info: org.openqa.selenium.firefox.FirefoxDriver
Capabilities [{moz:profile=C:\Users\e004246\AppData\Local\Temp\rust_mozprofile.XHQruogqQffp, rotatable=false, timeouts={implicit=0.0, pageLoad=300000.0, script=30000.0}, pageLoadStrategy=normal, moz:headless=false, platform=ANY, moz:accessibilityChecks=false, moz:useNonSpecCompliantPointerOrigin=false, acceptInsecureCerts=false, browserVersion=61.0.1, platformVersion=6.1, moz:processID=10848.0, browserName=firefox, javascriptEnabled=true, platformName=windows_nt, moz:webdriverClick=true}]
Session ID: daf4d35f-5369-45bb-b019-dac0c41442cc
*** Element info: {Using=xpath, value=Testing}]]>
            </message>
            <full-stacktrace>
              <![CDATA[org.openqa.selenium.NoSuchElementException: Unable to locate element: Testing
For documentation on this error, please visit: http://seleniumhq.org/exceptions/no_such_element.html
Build info: version: '3.4.0', revision: 'unknown', time: 'unknown'
System info: host: 'HW2300', ip: '10.250.87.30', os.name: 'Windows 7', os.arch: 'amd64', os.version: '6.1', java.version: '1.8.0_91'
Driver info: org.openqa.selenium.firefox.FirefoxDriver
Capabilities [{moz:profile=C:\Users\e004246\AppData\Local\Temp\rust_mozprofile.XHQruogqQffp, rotatable=false, timeouts={implicit=0.0, pageLoad=300000.0, script=30000.0}, pageLoadStrategy=normal, moz:headless=false, platform=ANY, moz:accessibilityChecks=false, moz:useNonSpecCompliantPointerOrigin=false, acceptInsecureCerts=false, browserVersion=61.0.1, platformVersion=6.1, moz:processID=10848.0, browserName=firefox, javascriptEnabled=true, platformName=windows_nt, moz:webdriverClick=true}]
Session ID: daf4d35f-5369-45bb-b019-dac0c41442cc
*** Element info: {Using=xpath, value=Testing}
at sun.reflect.NativeConstructorAccessorImpl.newInstance0(Native Method)
at sun.reflect.NativeConstructorAccessorImpl.newInstance(Unknown Source)
at sun.reflect.DelegatingConstructorAccessorImpl.newInstance(Unknown Source)
at java.lang.reflect.Constructor.newInstance(Unknown Source)
at org.openqa.selenium.remote.http.W3CHttpResponseCodec.createException(W3CHttpResponseCodec.java:150)
at org.openqa.selenium.remote.http.W3CHttpResponseCodec.decode(W3CHttpResponseCodec.java:115)
at org.openqa.selenium.remote.http.W3CHttpResponseCodec.decode(W3CHttpResponseCodec.java:45)
at org.openqa.selenium.remote.HttpCommandExecutor.execute(HttpCommandExecutor.java:164)
at org.openqa.selenium.remote.service.DriverCommandExecutor.execute(DriverCommandExecutor.java:82)
at org.openqa.selenium.remote.RemoteWebDriver.execute(RemoteWebDriver.java:637)
at org.openqa.selenium.remote.RemoteWebDriver.findElement(RemoteWebDriver.java:410)
at org.openqa.selenium.remote.RemoteWebDriver.findElementByXPath(RemoteWebDriver.java:509)
at org.openqa.selenium.By$ByXPath.findElement(By.java:361)
at org.openqa.selenium.remote.RemoteWebDriver.findElement(RemoteWebDriver.java:402)
at screenshot.ScreenshotsEx.verifyHomePage(ScreenshotsEx.java:31)
at sun.reflect.NativeMethodAccessorImpl.invoke0(Native Method)
at sun.reflect.NativeMethodAccessorImpl.invoke(Unknown Source)
at sun.reflect.DelegatingMethodAccessorImpl.invoke(Unknown Source)
at java.lang.reflect.Method.invoke(Unknown Source)
at org.testng.internal.MethodInvocationHelper.invokeMethod(MethodInvocationHelper.java:124)
at org.testng.internal.Invoker.invokeMethod(Invoker.java:583)
at org.testng.internal.Invoker.invokeTestMethod(Invoker.java:719)
at org.testng.internal.Invoker.invokeTestMethods(Invoker.java:989)
at org.testng.internal.TestMethodWorker.invokeTestMethods(TestMethodWorker.java:125)
at org.testng.internal.TestMethodWorker.run(TestMethodWorker.java:109)
at org.testng.TestRunner.privateRun(TestRunner.java:648)
at org.testng.TestRunner.run(TestRunner.java:505)
at org.testng.SuiteRunner.runTest(SuiteRunner.java:455)
at org.testng.SuiteRunner.runSequentially(SuiteRunner.java:450)
at org.testng.SuiteRunner.privateRun(SuiteRunner.java:415)
at org.testng.SuiteRunner.run(SuiteRunner.java:364)
at org.testng.SuiteRunnerWorker.runSuite(SuiteRunnerWorker.java:52)
at org.testng.SuiteRunnerWorker.run(SuiteRunnerWorker.java:84)
at org.testng.TestNG.runSuitesSequentially(TestNG.java:1208)
at org.testng.TestNG.runSuitesLocally(TestNG.java:1137)
at org.testng.TestNG.runSuites(TestNG.java:1049)
at org.testng.TestNG.run(TestNG.java:1017)
at org.testng.remote.AbstractRemoteTestNG.run(AbstractRemoteTestNG.java:114)
at org.testng.remote.RemoteTestNG.initAndRun(RemoteTestNG.java:251)
at org.testng.remote.RemoteTestNG.main(RemoteTestNG.java:77)
]]>
            </full-stacktrace>
          </exception> <!-- org.openqa.selenium.NoSuchElementException -->
          <reporter-output>
          </reporter-output>
        </test-method> <!-- verifyHomePage -->
        <test-method status="PASS" signature="tearDown()[pri:0, instance:screenshot.ScreenshotsEx@5bcea91b]" name="tearDown" is-config="true" duration-ms="4082" started-at="2018-08-06T11:14:14Z" finished-at="2018-08-06T11:14:18Z">
          <reporter-output>
          </reporter-output>
        </test-method> <!-- tearDown -->
      </class> <!-- screenshot.ScreenshotsEx -->
    </test> <!-- screenshots -->
  </suite> <!-- dry run - screenshots -->
</testng-results>
